0 info it worked if it ends with ok
1 verbose cli [ '/Users/sarah/.nvm/versions/node/v6.9.4/bin/node',
1 verbose cli   '/Users/sarah/.nvm/versions/node/v6.9.4/bin/npm',
1 verbose cli   'run',
1 verbose cli   'serve' ]
2 info using npm@3.10.10
3 info using node@v6.9.4
4 verbose run-script [ 'preserve', 'serve', 'postserve' ]
5 info lifecycle poetry@0.0.0~preserve: poetry@0.0.0
6 silly lifecycle poetry@0.0.0~preserve: no script for preserve, continuing
7 info lifecycle poetry@0.0.0~serve: poetry@0.0.0
8 verbose lifecycle poetry@0.0.0~serve: unsafe-perm in lifecycle true
9 verbose lifecycle poetry@0.0.0~serve: PATH: /Users/sarah/.nvm/versions/node/v6.9.4/lib/node_modules/npm/bin/node-gyp-bin:/Users/sarah/Code/poetry/node_modules/.bin:/Users/sarah/.rvm/gems/ruby-2.4.1@poetry/bin:/Users/sarah/.rvm/gems/ruby-2.4.1@global/bin:/Users/sarah/.rvm/rubies/ruby-2.4.1/bin:/Users/sarah/.rvm/bin:/Library/Frameworks/Python.framework/Versions/2.7/bin:/Users/sarah/.nvm/versions/node/v6.9.4/bin:/usr/local/heroku/bin:/usr/local/bin:/usr/local/bin:/usr/bin:/bin:/usr/sbin:/sbin:/opt/X11/bin:/Library/TeX/texbin:/Users/sarah/bin:/Users/sarah/dotfiles/bin:/Users/sarah/dotfiles/bin/vim:/Users/sarah/dotfiles/bin/sets:/Users/sarah/Libraries/adt-bundle/sdk/platform-tools:/Users/sarah/Libraries/adt-bundle/sdk/tools
10 verbose lifecycle poetry@0.0.0~serve: CWD: /Users/sarah/Code/poetry
11 silly lifecycle poetry@0.0.0~serve: Args: [ '-c', 'jekyll serve --config _config.yml,_config-dev.yml' ]
12 silly lifecycle poetry@0.0.0~serve: Returned: code: 1  signal: null
13 info lifecycle poetry@0.0.0~serve: Failed to exec serve script
14 verbose stack Error: poetry@0.0.0 serve: `jekyll serve --config _config.yml,_config-dev.yml`
14 verbose stack Exit status 1
14 verbose stack     at EventEmitter.<anonymous> (/Users/sarah/.nvm/versions/node/v6.9.4/lib/node_modules/npm/lib/utils/lifecycle.js:255:16)
14 verbose stack     at emitTwo (events.js:106:13)
14 verbose stack     at EventEmitter.emit (events.js:191:7)
14 verbose stack     at ChildProcess.<anonymous> (/Users/sarah/.nvm/versions/node/v6.9.4/lib/node_modules/npm/lib/utils/spawn.js:40:14)
14 verbose stack     at emitTwo (events.js:106:13)
14 verbose stack     at ChildProcess.emit (events.js:191:7)
14 verbose stack     at maybeClose (internal/child_process.js:877:16)
14 verbose stack     at Process.ChildProcess._handle.onexit (internal/child_process.js:226:5)
15 verbose pkgid poetry@0.0.0
16 verbose cwd /Users/sarah/Code/poetry
17 error Darwin 14.5.0
18 error argv "/Users/sarah/.nvm/versions/node/v6.9.4/bin/node" "/Users/sarah/.nvm/versions/node/v6.9.4/bin/npm" "run" "serve"
19 error node v6.9.4
20 error npm  v3.10.10
21 error code ELIFECYCLE
22 error poetry@0.0.0 serve: `jekyll serve --config _config.yml,_config-dev.yml`
22 error Exit status 1
23 error Failed at the poetry@0.0.0 serve script 'jekyll serve --config _config.yml,_config-dev.yml'.
23 error Make sure you have the latest version of node.js and npm installed.
23 error If you do, this is most likely a problem with the poetry package,
23 error not with npm itself.
23 error Tell the author that this fails on your system:
23 error     jekyll serve --config _config.yml,_config-dev.yml
23 error You can get information on how to open an issue for this project with:
23 error     npm bugs poetry
23 error Or if that isn't available, you can get their info via:
23 error     npm owner ls poetry
23 error There is likely additional logging output above.
24 verbose exit [ 1, true ]
